Performing C++ SOURCE FILE Test HAVE_CXX_FLAG_WSHORTEN_64_TO_32 failed with the following output:
Change Dir: /home/yug/agv-alpharacer/alpha-RACER/ros2_ws/build/google_benchmark_vendor/benchmark-1.8.3-prefix/src/benchmark-1.8.3-build/CMakeFiles/CMakeTmp

Run Build Command(s):/usr/bin/gmake -f Makefile cmTC_6479f/fast && gmake[3]: Entering directory '/home/yug/agv-alpharacer/alpha-RACER/ros2_ws/build/google_benchmark_vendor/benchmark-1.8.3-prefix/src/benchmark-1.8.3-build/CMakeFiles/CMakeTmp'
/usr/bin/gmake  -f CMakeFiles/cmTC_6479f.dir/build.make CMakeFiles/cmTC_6479f.dir/build
gmake[4]: Entering directory '/home/yug/agv-alpharacer/alpha-RACER/ros2_ws/build/google_benchmark_vendor/benchmark-1.8.3-prefix/src/benchmark-1.8.3-build/CMakeFiles/CMakeTmp'
Building CXX object CMakeFiles/cmTC_6479f.dir/src.cxx.o
/usr/bin/c++ -DHAVE_CXX_FLAG_WSHORTEN_64_TO_32  -Wall  -Wextra  -Wshadow  -Wfloat-equal  -Wold-style-cast  -Werror  -Wsuggest-override  -pedantic  -pedantic-errors  -Wshorten-64-to-32   -Wshorten-64-to-32 -std=c++11 -o CMakeFiles/cmTC_6479f.dir/src.cxx.o -c /home/yug/agv-alpharacer/alpha-RACER/ros2_ws/build/google_benchmark_vendor/benchmark-1.8.3-prefix/src/benchmark-1.8.3-build/CMakeFiles/CMakeTmp/src.cxx
c++: error: unrecognized command-line option '-Wshorten-64-to-32'
c++: error: unrecognized command-line option '-Wshorten-64-to-32'
gmake[4]: *** [CMakeFiles/cmTC_6479f.dir/build.make:78: CMakeFiles/cmTC_6479f.dir/src.cxx.o] Error 1
gmake[4]: Leaving directory '/home/yug/agv-alpharacer/alpha-RACER/ros2_ws/build/google_benchmark_vendor/benchmark-1.8.3-prefix/src/benchmark-1.8.3-build/CMakeFiles/CMakeTmp'
gmake[3]: *** [Makefile:127: cmTC_6479f/fast] Error 2
gmake[3]: Leaving directory '/home/yug/agv-alpharacer/alpha-RACER/ros2_ws/build/google_benchmark_vendor/benchmark-1.8.3-prefix/src/benchmark-1.8.3-build/CMakeFiles/CMakeTmp'


Source file was:
int main() { return 0; }
Performing C++ SOURCE FILE Test HAVE_CXX_FLAG_WD654 failed with the following output:
Change Dir: /home/yug/agv-alpharacer/alpha-RACER/ros2_ws/build/google_benchmark_vendor/benchmark-1.8.3-prefix/src/benchmark-1.8.3-build/CMakeFiles/CMakeTmp

Run Build Command(s):/usr/bin/gmake -f Makefile cmTC_faa3b/fast && gmake[3]: Entering directory '/home/yug/agv-alpharacer/alpha-RACER/ros2_ws/build/google_benchmark_vendor/benchmark-1.8.3-prefix/src/benchmark-1.8.3-build/CMakeFiles/CMakeTmp'
/usr/bin/gmake  -f CMakeFiles/cmTC_faa3b.dir/build.make CMakeFiles/cmTC_faa3b.dir/build
gmake[4]: Entering directory '/home/yug/agv-alpharacer/alpha-RACER/ros2_ws/build/google_benchmark_vendor/benchmark-1.8.3-prefix/src/benchmark-1.8.3-build/CMakeFiles/CMakeTmp'
Building CXX object CMakeFiles/cmTC_faa3b.dir/src.cxx.o
/usr/bin/c++ -DHAVE_CXX_FLAG_WD654  -Wall  -Wextra  -Wshadow  -Wfloat-equal  -Wold-style-cast  -Werror  -Wsuggest-override  -pedantic  -pedantic-errors  -fstrict-aliasing  -Wno-deprecated-declarations  -Wno-deprecated  -Wstrict-aliasing  -wd654   -wd654 -std=c++11 -o CMakeFiles/cmTC_faa3b.dir/src.cxx.o -c /home/yug/agv-alpharacer/alpha-RACER/ros2_ws/build/google_benchmark_vendor/benchmark-1.8.3-prefix/src/benchmark-1.8.3-build/CMakeFiles/CMakeTmp/src.cxx
c++: error: unrecognized command-line option '-wd654'
c++: error: unrecognized command-line option '-wd654'
gmake[4]: *** [CMakeFiles/cmTC_faa3b.dir/build.make:78: CMakeFiles/cmTC_faa3b.dir/src.cxx.o] Error 1
gmake[4]: Leaving directory '/home/yug/agv-alpharacer/alpha-RACER/ros2_ws/build/google_benchmark_vendor/benchmark-1.8.3-prefix/src/benchmark-1.8.3-build/CMakeFiles/CMakeTmp'
gmake[3]: *** [Makefile:127: cmTC_faa3b/fast] Error 2
gmake[3]: Leaving directory '/home/yug/agv-alpharacer/alpha-RACER/ros2_ws/build/google_benchmark_vendor/benchmark-1.8.3-prefix/src/benchmark-1.8.3-build/CMakeFiles/CMakeTmp'


Source file was:
int main() { return 0; }
Performing C++ SOURCE FILE Test HAVE_CXX_FLAG_WTHREAD_SAFETY failed with the following output:
Change Dir: /home/yug/agv-alpharacer/alpha-RACER/ros2_ws/build/google_benchmark_vendor/benchmark-1.8.3-prefix/src/benchmark-1.8.3-build/CMakeFiles/CMakeTmp

Run Build Command(s):/usr/bin/gmake -f Makefile cmTC_0aa2a/fast && gmake[3]: Entering directory '/home/yug/agv-alpharacer/alpha-RACER/ros2_ws/build/google_benchmark_vendor/benchmark-1.8.3-prefix/src/benchmark-1.8.3-build/CMakeFiles/CMakeTmp'
/usr/bin/gmake  -f CMakeFiles/cmTC_0aa2a.dir/build.make CMakeFiles/cmTC_0aa2a.dir/build
gmake[4]: Entering directory '/home/yug/agv-alpharacer/alpha-RACER/ros2_ws/build/google_benchmark_vendor/benchmark-1.8.3-prefix/src/benchmark-1.8.3-build/CMakeFiles/CMakeTmp'
Building CXX object CMakeFiles/cmTC_0aa2a.dir/src.cxx.o
/usr/bin/c++ -DHAVE_CXX_FLAG_WTHREAD_SAFETY  -Wall  -Wextra  -Wshadow  -Wfloat-equal  -Wold-style-cast  -Werror  -Wsuggest-override  -pedantic  -pedantic-errors  -fstrict-aliasing  -Wno-deprecated-declarations  -Wno-deprecated  -Wstrict-aliasing  -Wthread-safety   -Wthread-safety -std=c++11 -o CMakeFiles/cmTC_0aa2a.dir/src.cxx.o -c /home/yug/agv-alpharacer/alpha-RACER/ros2_ws/build/google_benchmark_vendor/benchmark-1.8.3-prefix/src/benchmark-1.8.3-build/CMakeFiles/CMakeTmp/src.cxx
c++: error: unrecognized command-line option '-Wthread-safety'
c++: error: unrecognized command-line option '-Wthread-safety'
gmake[4]: *** [CMakeFiles/cmTC_0aa2a.dir/build.make:78: CMakeFiles/cmTC_0aa2a.dir/src.cxx.o] Error 1
gmake[4]: Leaving directory '/home/yug/agv-alpharacer/alpha-RACER/ros2_ws/build/google_benchmark_vendor/benchmark-1.8.3-prefix/src/benchmark-1.8.3-build/CMakeFiles/CMakeTmp'
gmake[3]: *** [Makefile:127: cmTC_0aa2a/fast] Error 2
gmake[3]: Leaving directory '/home/yug/agv-alpharacer/alpha-RACER/ros2_ws/build/google_benchmark_vendor/benchmark-1.8.3-prefix/src/benchmark-1.8.3-build/CMakeFiles/CMakeTmp'


Source file was:
int main() { return 0; }
